-------------------------------------------------------------------------------
Test set: Validar Status en Free To Game
-------------------------------------------------------------------------------
Tests run: 1, Failures: 0, Errors: 1, Skipped: 0, Time elapsed: 3.034 s <<< FAILURE! - in Validar Status en Free To Game
Validar Status en Free To Game.Validar Status 200  Time elapsed: 3.034 s  <<< ERROR!
net.serenitybdd.core.exceptions.SerenityManagedException: expected:<404> but was:<200>

